Determining if the pthread_create exist failed with the following output:
Change Dir: /home/user/drc_ws/build/CMakeFiles/CMakeTmp

Run Build Command:/usr/bin/make "cmTryCompileExec120140921/fast"
/usr/bin/make -f CMakeFiles/cmTryCompileExec120140921.dir/build.make CMakeFiles/cmTryCompileExec120140921.dir/build
make[1]: Entering directory `/home/user/drc_ws/build/CMakeFiles/CMakeTmp'
/usr/bin/cmake -E cmake_progress_report /home/user/drc_ws/build/CMakeFiles/CMakeTmp/CMakeFiles 1
Building C object CMakeFiles/cmTryCompileExec120140921.dir/CheckSymbolExists.c.o
/usr/bin/cc    -o CMakeFiles/cmTryCompileExec120140921.dir/CheckSymbolExists.c.o   -c /home/user/drc_ws/build/CMakeFiles/CMakeTmp/CheckSymbolExists.c
Linking C executable cmTryCompileExec120140921
/usr/bin/cmake -E cmake_link_script CMakeFiles/cmTryCompileExec120140921.dir/link.txt --verbose=1
/usr/bin/cc       CMakeFiles/cmTryCompileExec120140921.dir/CheckSymbolExists.c.o  -o cmTryCompileExec120140921 -rdynamic 
CMakeFiles/cmTryCompileExec120140921.dir/CheckSymbolExists.c.o: In function `main':
CheckSymbolExists.c:(.text+0x16): undefined reference to `pthread_create'
collect2: error: ld returned 1 exit status
make[1]: Leaving directory `/home/user/drc_ws/build/CMakeFiles/CMakeTmp'
make[1]: *** [cmTryCompileExec120140921] Error 1
make: *** [cmTryCompileExec120140921/fast] Error 2

File /home/user/drc_ws/build/CMakeFiles/CMakeTmp/CheckSymbolExists.c:
/* */
#include <pthread.h>

int main(int argc, char** argv)
{
  (void)argv;
#ifndef pthread_create
  return ((int*)(&pthread_create))[argc];
#else
  (void)argc;
  return 0;
#endif
}

Determining if the function pthread_create exists in the pthreads failed with the following output:
Change Dir: /home/user/drc_ws/build/CMakeFiles/CMakeTmp

Run Build Command:/usr/bin/make "cmTryCompileExec4230224215/fast"
/usr/bin/make -f CMakeFiles/cmTryCompileExec4230224215.dir/build.make CMakeFiles/cmTryCompileExec4230224215.dir/build
make[1]: Entering directory `/home/user/drc_ws/build/CMakeFiles/CMakeTmp'
/usr/bin/cmake -E cmake_progress_report /home/user/drc_ws/build/CMakeFiles/CMakeTmp/CMakeFiles 1
Building C object CMakeFiles/cmTryCompileExec4230224215.dir/CheckFunctionExists.c.o
/usr/bin/cc   -DCHECK_FUNCTION_EXISTS=pthread_create   -o CMakeFiles/cmTryCompileExec4230224215.dir/CheckFunctionExists.c.o   -c /usr/share/cmake-2.8/Modules/CheckFunctionExists.c
Linking C executable cmTryCompileExec4230224215
/usr/bin/cmake -E cmake_link_script CMakeFiles/cmTryCompileExec4230224215.dir/link.txt --verbose=1
/usr/bin/cc   -DCHECK_FUNCTION_EXISTS=pthread_create    CMakeFiles/cmTryCompileExec4230224215.dir/CheckFunctionExists.c.o  -o cmTryCompileExec4230224215 -rdynamic -lpthreads 
/usr/bin/ld: cannot find -lpthreads
collect2: error: ld returned 1 exit status
make[1]: Leaving directory `/home/user/drc_ws/build/CMakeFiles/CMakeTmp'
make[1]: *** [cmTryCompileExec4230224215] Error 1
make: *** [cmTryCompileExec4230224215/fast] Error 2


